Using pre-set license
Built from '2020.2/staging' branch; Version is '2020.2.7f1 (c53830e277f1) revision 12924976'; Using compiler version '192528614'; Build Type 'Release'
OS: 'Windows 10 Enterprise; OS build 19045.2251; Version 2009; 64bit' Language: 'en' Physical Memory: 14188 MB
BatchMode: 1, IsHumanControllingUs: 0, StartBugReporterOnCrash: 0, Is64bit: 1, IsPro: 0

 COMMAND LINE ARGUMENTS:
C:\Program Files\Unity\Editor\Unity.exe
-adb2
-batchMode
-noUpm
-name
AssetImportWorker0
-projectPath
F:/UnityProj/cp/cloudPasss
-logFile
Logs/AssetImportWorker0.log
-srvPort
60306
Successfully changed project path to: F:/UnityProj/cp/cloudPasss
F:/UnityProj/cp/cloudPasss
Using Asset Import Pipeline V2.
Refreshing native plugins compatible for Editor in 35.85 ms, found 1 plugins.
Preloading 0 native plugins for Editor in 0.00 ms.
Initialize engine version: 2020.2.7f1 (c53830e277f1)
[Subsystems] Discovering subsystems at path C:/Program Files/Unity/Editor/Data/Resources/UnitySubsystems
[Subsystems] Discovering subsystems at path F:/UnityProj/cp/cloudPasss/Assets
GfxDevice: creating device client; threaded=0
Direct3D:
    Version:  Direct3D 11.0 [level 11.1]
    Renderer: NVIDIA GeForce RTX 3060 Laptop GPU (ID=0x2560)
    Vendor:   
    VRAM:     6023 MB
    Driver:   30.0.15.1236
Initialize mono
Mono path[0] = 'C:/Program Files/Unity/Editor/Data/Managed'
Mono path[1] = 'C:/Program Files/Unity/Editor/Data/MonoBleedingEdge/lib/mono/unityjit'
Mono config path = 'C:/Program Files/Unity/Editor/Data/MonoBleedingEdge/etc'
Using monoOptions --debugger-agent=transport=dt_socket,embedding=1,server=y,suspend=n,address=127.0.0.1:56352
Begin MonoManager ReloadAssembly
Registering precompiled unity dll's ...
Register platform support module: C:/Program Files/Unity/Editor/Data/PlaybackEngines/WindowsStandaloneSupport/UnityEditor.WindowsStandalone.Extensions.dll
Registered in 0.001947 seconds.
Native extension for WindowsStandalone target not found
Refreshing native plugins compatible for Editor in 37.76 ms, found 1 plugins.
Preloading 0 native plugins for Editor in 0.00 ms.
Invoked RoslynAnalysisRunner static constructor.
RoslynAnalysisRunner will not be running.
RoslynAnalysisRunner has terminated.
Mono: successfully reloaded assembly
- Completed reload, in  1.070 seconds
Platform modules already initialized, skipping
Registering precompiled user dll's ...
Registered in 0.000859 seconds.
Begin MonoManager ReloadAssembly
Native extension for WindowsStandalone target not found
Refreshing native plugins compatible for Editor in 37.57 ms, found 1 plugins.
Preloading 0 native plugins for Editor in 0.00 ms.
Invoked RoslynAnalysisRunner static constructor.
RoslynAnalysisRunner will not be running.
RoslynAnalysisRunner has terminated.
Mono: successfully reloaded assembly
- Completed reload, in  0.852 seconds
Platform modules already initialized, skipping
========================================================================
Worker process is ready to serve import requests
Launched and connected shader compiler UnityShaderCompiler.exe after 0.04 seconds
Refreshing native plugins compatible for Editor in 0.45 ms, found 1 plugins.
Preloading 0 native plugins for Editor in 0.00 ms.
Unloading 1863 Unused Serialized files (Serialized files now loaded: 0)
System memory in use before: 99.5 MB.
System memory in use after: 99.5 MB.

Unloading 24 unused Assets to reduce memory usage. Loaded Objects now: 2323.
Total: 2.369300 ms (FindLiveObjects: 0.235300 ms CreateObjectMapping: 0.068600 ms MarkObjects: 1.924000 ms  DeleteObjects: 0.140700 ms)

========================================================================
Received Prepare
Registering precompiled user dll's ...
Registered in 0.001327 seconds.
Begin MonoManager ReloadAssembly
Native extension for WindowsStandalone target not found
Refreshing native plugins compatible for Editor in 0.45 ms, found 1 plugins.
Preloading 0 native plugins for Editor in 0.00 ms.
Invoked RoslynAnalysisRunner static constructor.
RoslynAnalysisRunner will not be running.
RoslynAnalysisRunner has terminated.
Mono: successfully reloaded assembly
- Completed reload, in  0.792 seconds
Platform modules already initialized, skipping
Refreshing native plugins compatible for Editor in 0.46 ms, found 1 plugins.
Preloading 0 native plugins for Editor in 0.00 ms.
Unloading 1845 Unused Serialized files (Serialized files now loaded: 0)
System memory in use before: 98.5 MB.
System memory in use after: 98.4 MB.

Unloading 12 unused Assets to reduce memory usage. Loaded Objects now: 2327.
Total: 2.301500 ms (FindLiveObjects: 0.217500 ms CreateObjectMapping: 0.060200 ms MarkObjects: 1.891000 ms  DeleteObjects: 0.131900 ms)

========================================================================
Received Import Request.
  path: Assets/Scripts/Bird.cs
  artifactKey: Guid(74376a69cb5f83744b640149e68c7777) Importer(815301076,1909f56bfc062723c751e8b465ee728b)
Start importing Assets/Scripts/Bird.cs using Guid(74376a69cb5f83744b640149e68c7777) Importer(815301076,1909f56bfc062723c751e8b465ee728b)  -> (artifact id: '48cac762fe98ee5c238347086fa0a371') in 0.026519 seconds
  Import took 0.030208 seconds .

========================================================================
Received Prepare
Registering precompiled user dll's ...
Registered in 0.000800 seconds.
Begin MonoManager ReloadAssembly
Native extension for WindowsStandalone target not found
Refreshing native plugins compatible for Editor in 0.53 ms, found 1 plugins.
Preloading 0 native plugins for Editor in 0.00 ms.
Invoked RoslynAnalysisRunner static constructor.
RoslynAnalysisRunner will not be running.
RoslynAnalysisRunner has terminated.
Mono: successfully reloaded assembly
- Completed reload, in  1.109 seconds
Platform modules already initialized, skipping
Refreshing native plugins compatible for Editor in 0.52 ms, found 1 plugins.
Preloading 0 native plugins for Editor in 0.00 ms.
Unloading 1845 Unused Serialized files (Serialized files now loaded: 0)
System memory in use before: 98.5 MB.
System memory in use after: 98.5 MB.

Unloading 12 unused Assets to reduce memory usage. Loaded Objects now: 2331.
Total: 2.568200 ms (FindLiveObjects: 0.336600 ms CreateObjectMapping: 0.117300 ms MarkObjects: 1.973900 ms  DeleteObjects: 0.138800 ms)

========================================================================
Received Import Request.
  Time since last request: 64.808920 seconds.
  path: Assets/Scripts/Bird.cs
  artifactKey: Guid(74376a69cb5f83744b640149e68c7777) Importer(815301076,1909f56bfc062723c751e8b465ee728b)
Start importing Assets/Scripts/Bird.cs using Guid(74376a69cb5f83744b640149e68c7777) Importer(815301076,1909f56bfc062723c751e8b465ee728b)  -> (artifact id: 'bcdd84014d817b953f8a3f45b762ee00') in 0.005440 seconds
  Import took 0.008984 seconds .

========================================================================
Received Prepare
Registering precompiled user dll's ...
Registered in 0.000864 seconds.
Begin MonoManager ReloadAssembly
Native extension for WindowsStandalone target not found
Refreshing native plugins compatible for Editor in 0.45 ms, found 1 plugins.
Preloading 0 native plugins for Editor in 0.00 ms.
Invoked RoslynAnalysisRunner static constructor.
RoslynAnalysisRunner will not be running.
RoslynAnalysisRunner has terminated.
Mono: successfully reloaded assembly
- Completed reload, in  0.900 seconds
Platform modules already initialized, skipping
Refreshing native plugins compatible for Editor in 0.45 ms, found 1 plugins.
Preloading 0 native plugins for Editor in 0.00 ms.
Unloading 1845 Unused Serialized files (Serialized files now loaded: 0)
System memory in use before: 98.5 MB.
System memory in use after: 98.5 MB.

Unloading 12 unused Assets to reduce memory usage. Loaded Objects now: 2335.
Total: 2.356700 ms (FindLiveObjects: 0.315600 ms CreateObjectMapping: 0.102900 ms MarkObjects: 1.815100 ms  DeleteObjects: 0.121900 ms)

========================================================================
Received Prepare
Registering precompiled user dll's ...
Registered in 0.000843 seconds.
Begin MonoManager ReloadAssembly
Native extension for WindowsStandalone target not found
Refreshing native plugins compatible for Editor in 0.44 ms, found 1 plugins.
Preloading 0 native plugins for Editor in 0.00 ms.
Invoked RoslynAnalysisRunner static constructor.
RoslynAnalysisRunner will not be running.
RoslynAnalysisRunner has terminated.
Mono: successfully reloaded assembly
- Completed reload, in  0.764 seconds
Platform modules already initialized, skipping
Refreshing native plugins compatible for Editor in 0.46 ms, found 1 plugins.
Preloading 0 native plugins for Editor in 0.00 ms.
Unloading 1845 Unused Serialized files (Serialized files now loaded: 0)
System memory in use before: 98.5 MB.
System memory in use after: 98.5 MB.

Unloading 12 unused Assets to reduce memory usage. Loaded Objects now: 2339.
Total: 2.115400 ms (FindLiveObjects: 0.215600 ms CreateObjectMapping: 0.053000 ms MarkObjects: 1.731000 ms  DeleteObjects: 0.115000 ms)

========================================================================
Received Import Request.
  Time since last request: 526.715645 seconds.
  path: Assets/Scripts/Bird.cs
  artifactKey: Guid(74376a69cb5f83744b640149e68c7777) Importer(815301076,1909f56bfc062723c751e8b465ee728b)
Start importing Assets/Scripts/Bird.cs using Guid(74376a69cb5f83744b640149e68c7777) Importer(815301076,1909f56bfc062723c751e8b465ee728b)  -> (artifact id: '351b7613694c520dde46ba75716edce2') in 0.005024 seconds
  Import took 0.007808 seconds .

========================================================================
Received Prepare
Registering precompiled user dll's ...
Registered in 0.000794 seconds.
Begin MonoManager ReloadAssembly
Native extension for WindowsStandalone target not found
Refreshing native plugins compatible for Editor in 0.46 ms, found 1 plugins.
Preloading 0 native plugins for Editor in 0.00 ms.
Invoked RoslynAnalysisRunner static constructor.
RoslynAnalysisRunner will not be running.
RoslynAnalysisRunner has terminated.
Mono: successfully reloaded assembly
- Completed reload, in  0.791 seconds
Platform modules already initialized, skipping
Refreshing native plugins compatible for Editor in 0.47 ms, found 1 plugins.
Preloading 0 native plugins for Editor in 0.00 ms.
Unloading 1845 Unused Serialized files (Serialized files now loaded: 0)
System memory in use before: 98.6 MB.
System memory in use after: 98.6 MB.

Unloading 12 unused Assets to reduce memory usage. Loaded Objects now: 2343.
Total: 2.230600 ms (FindLiveObjects: 0.315000 ms CreateObjectMapping: 0.084000 ms MarkObjects: 1.703200 ms  DeleteObjects: 0.127300 ms)

========================================================================
Received Import Request.
  Time since last request: 25.697272 seconds.
  path: Assets/Scripts/Bird.cs
  artifactKey: Guid(74376a69cb5f83744b640149e68c7777) Importer(815301076,1909f56bfc062723c751e8b465ee728b)
Start importing Assets/Scripts/Bird.cs using Guid(74376a69cb5f83744b640149e68c7777) Importer(815301076,1909f56bfc062723c751e8b465ee728b)  -> (artifact id: '337a3241803bcc38126a9bbc28ef0ee1') in 0.005081 seconds
  Import took 0.008479 seconds .

========================================================================
Received Prepare
Registering precompiled user dll's ...
Registered in 0.000778 seconds.
Begin MonoManager ReloadAssembly
Native extension for WindowsStandalone target not found
Refreshing native plugins compatible for Editor in 0.51 ms, found 1 plugins.
Preloading 0 native plugins for Editor in 0.00 ms.
Invoked RoslynAnalysisRunner static constructor.
RoslynAnalysisRunner will not be running.
RoslynAnalysisRunner has terminated.
Mono: successfully reloaded assembly
- Completed reload, in  0.848 seconds
Platform modules already initialized, skipping
Refreshing native plugins compatible for Editor in 0.50 ms, found 1 plugins.
Preloading 0 native plugins for Editor in 0.00 ms.
Unloading 1845 Unused Serialized files (Serialized files now loaded: 0)
System memory in use before: 98.6 MB.
System memory in use after: 98.6 MB.

Unloading 12 unused Assets to reduce memory usage. Loaded Objects now: 2347.
Total: 2.159600 ms (FindLiveObjects: 0.299200 ms CreateObjectMapping: 0.058900 ms MarkObjects: 1.685400 ms  DeleteObjects: 0.115200 ms)

========================================================================
Received Import Request.
  Time since last request: 21.962108 seconds.
  path: Assets/Scripts/Bird.cs
  artifactKey: Guid(74376a69cb5f83744b640149e68c7777) Importer(815301076,1909f56bfc062723c751e8b465ee728b)
Start importing Assets/Scripts/Bird.cs using Guid(74376a69cb5f83744b640149e68c7777) Importer(815301076,1909f56bfc062723c751e8b465ee728b)  -> (artifact id: '0123c806f150f040f74c679ce22f64a1') in 0.005168 seconds
  Import took 0.009695 seconds .

========================================================================
Received Import Request.
  Time since last request: 0.128042 seconds.
  path: Assets/Scripts/Bird.cs
  artifactKey: Guid(74376a69cb5f83744b640149e68c7777) Importer(815301076,1909f56bfc062723c751e8b465ee728b)
Start importing Assets/Scripts/Bird.cs using Guid(74376a69cb5f83744b640149e68c7777) Importer(815301076,1909f56bfc062723c751e8b465ee728b)  -> (artifact id: '0123c806f150f040f74c679ce22f64a1') in 0.002176 seconds
  Import took 0.005595 seconds .

========================================================================
Received Prepare
Registering precompiled user dll's ...
Registered in 0.000782 seconds.
Begin MonoManager ReloadAssembly
Native extension for WindowsStandalone target not found
Refreshing native plugins compatible for Editor in 0.50 ms, found 1 plugins.
Preloading 0 native plugins for Editor in 0.00 ms.
Invoked RoslynAnalysisRunner static constructor.
RoslynAnalysisRunner will not be running.
RoslynAnalysisRunner has terminated.
Mono: successfully reloaded assembly
- Completed reload, in  0.951 seconds
Platform modules already initialized, skipping
Refreshing native plugins compatible for Editor in 0.51 ms, found 1 plugins.
Preloading 0 native plugins for Editor in 0.00 ms.
Unloading 1845 Unused Serialized files (Serialized files now loaded: 0)
System memory in use before: 98.5 MB.
System memory in use after: 98.5 MB.

Unloading 12 unused Assets to reduce memory usage. Loaded Objects now: 2351.
Total: 2.671600 ms (FindLiveObjects: 0.355100 ms CreateObjectMapping: 0.147100 ms MarkObjects: 2.029100 ms  DeleteObjects: 0.138600 ms)

========================================================================
Received Import Request.
  Time since last request: 25.038100 seconds.
  path: Assets/Scripts/Bird.cs
  artifactKey: Guid(74376a69cb5f83744b640149e68c7777) Importer(815301076,1909f56bfc062723c751e8b465ee728b)
Start importing Assets/Scripts/Bird.cs using Guid(74376a69cb5f83744b640149e68c7777) Importer(815301076,1909f56bfc062723c751e8b465ee728b)  -> (artifact id: '69d2a46a7ec0813a466fb26e02ec0f87') in 0.030738 seconds
  Import took 0.035457 seconds .

========================================================================
Received Import Request.
  Time since last request: 0.082519 seconds.
  path: Assets/Scripts/Bird.cs
  artifactKey: Guid(74376a69cb5f83744b640149e68c7777) Importer(815301076,1909f56bfc062723c751e8b465ee728b)
Start importing Assets/Scripts/Bird.cs using Guid(74376a69cb5f83744b640149e68c7777) Importer(815301076,1909f56bfc062723c751e8b465ee728b)  -> (artifact id: '69d2a46a7ec0813a466fb26e02ec0f87') in 0.002921 seconds
  Import took 0.007623 seconds .

========================================================================
Received Prepare
Registering precompiled user dll's ...
Registered in 0.001098 seconds.
Begin MonoManager ReloadAssembly
Native extension for WindowsStandalone target not found
Refreshing native plugins compatible for Editor in 0.51 ms, found 1 plugins.
Preloading 0 native plugins for Editor in 0.00 ms.
Invoked RoslynAnalysisRunner static constructor.
RoslynAnalysisRunner will not be running.
RoslynAnalysisRunner has terminated.
Mono: successfully reloaded assembly
- Completed reload, in  1.130 seconds
Platform modules already initialized, skipping
Refreshing native plugins compatible for Editor in 0.51 ms, found 1 plugins.
Preloading 0 native plugins for Editor in 0.00 ms.
Unloading 1845 Unused Serialized files (Serialized files now loaded: 0)
System memory in use before: 98.5 MB.
System memory in use after: 98.5 MB.

Unloading 12 unused Assets to reduce memory usage. Loaded Objects now: 2355.
Total: 2.569300 ms (FindLiveObjects: 0.253200 ms CreateObjectMapping: 0.072300 ms MarkObjects: 2.116500 ms  DeleteObjects: 0.126300 ms)

========================================================================
Received Prepare
Registering precompiled user dll's ...
Registered in 0.000910 seconds.
Begin MonoManager ReloadAssembly
Native extension for WindowsStandalone target not found
Refreshing native plugins compatible for Editor in 0.59 ms, found 1 plugins.
Preloading 0 native plugins for Editor in 0.00 ms.
Invoked RoslynAnalysisRunner static constructor.
RoslynAnalysisRunner will not be running.
RoslynAnalysisRunner has terminated.
Mono: successfully reloaded assembly
- Completed reload, in  1.030 seconds
Platform modules already initialized, skipping
Refreshing native plugins compatible for Editor in 0.55 ms, found 1 plugins.
Preloading 0 native plugins for Editor in 0.00 ms.
Unloading 1845 Unused Serialized files (Serialized files now loaded: 0)
System memory in use before: 98.5 MB.
System memory in use after: 98.5 MB.

Unloading 12 unused Assets to reduce memory usage. Loaded Objects now: 2359.
Total: 3.029800 ms (FindLiveObjects: 0.359300 ms CreateObjectMapping: 0.228200 ms MarkObjects: 2.310100 ms  DeleteObjects: 0.130600 ms)

========================================================================
Received Import Request.
  Time since last request: 68.973074 seconds.
  path: Assets/Scripts/Bird.cs
  artifactKey: Guid(74376a69cb5f83744b640149e68c7777) Importer(815301076,1909f56bfc062723c751e8b465ee728b)
Start importing Assets/Scripts/Bird.cs using Guid(74376a69cb5f83744b640149e68c7777) Importer(815301076,1909f56bfc062723c751e8b465ee728b)  -> (artifact id: 'f47213d40d3942914c69f4eef7a91076') in 0.006287 seconds
  Import took 0.011513 seconds .

========================================================================
Received Import Request.
  Time since last request: 0.002964 seconds.
  path: Assets/Scripts/Bird.cs
  artifactKey: Guid(74376a69cb5f83744b640149e68c7777) Importer(815301076,1909f56bfc062723c751e8b465ee728b)
Start importing Assets/Scripts/Bird.cs using Guid(74376a69cb5f83744b640149e68c7777) Importer(815301076,1909f56bfc062723c751e8b465ee728b)  -> (artifact id: 'f47213d40d3942914c69f4eef7a91076') in 0.002203 seconds
  Import took 0.006254 seconds .

========================================================================
Received Prepare
Registering precompiled user dll's ...
Registered in 0.000989 seconds.
Begin MonoManager ReloadAssembly
Native extension for WindowsStandalone target not found
Refreshing native plugins compatible for Editor in 0.51 ms, found 1 plugins.
Preloading 0 native plugins for Editor in 0.00 ms.
Invoked RoslynAnalysisRunner static constructor.
RoslynAnalysisRunner will not be running.
RoslynAnalysisRunner has terminated.
Mono: successfully reloaded assembly
- Completed reload, in  1.265 seconds
Platform modules already initialized, skipping
Refreshing native plugins compatible for Editor in 0.55 ms, found 1 plugins.
Preloading 0 native plugins for Editor in 0.00 ms.
Unloading 1845 Unused Serialized files (Serialized files now loaded: 0)
System memory in use before: 98.5 MB.
System memory in use after: 98.5 MB.

Unloading 12 unused Assets to reduce memory usage. Loaded Objects now: 2363.
Total: 2.928800 ms (FindLiveObjects: 0.248600 ms CreateObjectMapping: 0.070600 ms MarkObjects: 2.462400 ms  DeleteObjects: 0.146200 ms)

========================================================================
Received Import Request.
  Time since last request: 43.063593 seconds.
  path: Assets/Scripts/Bird.cs
  artifactKey: Guid(74376a69cb5f83744b640149e68c7777) Importer(815301076,1909f56bfc062723c751e8b465ee728b)
Start importing Assets/Scripts/Bird.cs using Guid(74376a69cb5f83744b640149e68c7777) Importer(815301076,1909f56bfc062723c751e8b465ee728b)  -> (artifact id: '7f25a8bc8ebec7f528c69aa20c158d01') in 0.007364 seconds
  Import took 0.011826 seconds .

========================================================================
Received Import Request.
  Time since last request: 0.003051 seconds.
  path: Assets/Scripts/Bird.cs
  artifactKey: Guid(74376a69cb5f83744b640149e68c7777) Importer(815301076,1909f56bfc062723c751e8b465ee728b)
Start importing Assets/Scripts/Bird.cs using Guid(74376a69cb5f83744b640149e68c7777) Importer(815301076,1909f56bfc062723c751e8b465ee728b)  -> (artifact id: '7f25a8bc8ebec7f528c69aa20c158d01') in 0.002656 seconds
  Import took 0.007643 seconds .

========================================================================
Received Prepare
Registering precompiled user dll's ...
Registered in 0.001627 seconds.
Begin MonoManager ReloadAssembly
Native extension for WindowsStandalone target not found
Refreshing native plugins compatible for Editor in 0.50 ms, found 1 plugins.
Preloading 0 native plugins for Editor in 0.00 ms.
Invoked RoslynAnalysisRunner static constructor.
RoslynAnalysisRunner will not be running.
RoslynAnalysisRunner has terminated.
Mono: successfully reloaded assembly
- Completed reload, in  1.154 seconds
Platform modules already initialized, skipping
Refreshing native plugins compatible for Editor in 0.49 ms, found 1 plugins.
Preloading 0 native plugins for Editor in 0.00 ms.
Unloading 1845 Unused Serialized files (Serialized files now loaded: 0)
System memory in use before: 98.5 MB.
System memory in use after: 98.5 MB.

Unloading 12 unused Assets to reduce memory usage. Loaded Objects now: 2367.
Total: 3.647400 ms (FindLiveObjects: 0.335100 ms CreateObjectMapping: 0.099000 ms MarkObjects: 3.043400 ms  DeleteObjects: 0.168500 ms)

========================================================================
Received Prepare
Registering precompiled user dll's ...
Registered in 0.001130 seconds.
Begin MonoManager ReloadAssembly
Native extension for WindowsStandalone target not found
Refreshing native plugins compatible for Editor in 0.54 ms, found 1 plugins.
Preloading 0 native plugins for Editor in 0.00 ms.
Invoked RoslynAnalysisRunner static constructor.
RoslynAnalysisRunner will not be running.
RoslynAnalysisRunner has terminated.
Mono: successfully reloaded assembly
- Completed reload, in  1.193 seconds
Platform modules already initialized, skipping
Refreshing native plugins compatible for Editor in 0.66 ms, found 1 plugins.
Preloading 0 native plugins for Editor in 0.00 ms.
Unloading 1845 Unused Serialized files (Serialized files now loaded: 0)
System memory in use before: 98.5 MB.
System memory in use after: 98.5 MB.

Unloading 12 unused Assets to reduce memory usage. Loaded Objects now: 2371.
Total: 2.756100 ms (FindLiveObjects: 0.284500 ms CreateObjectMapping: 0.072300 ms MarkObjects: 2.259600 ms  DeleteObjects: 0.136500 ms)

========================================================================
Received Prepare
Registering precompiled user dll's ...
Registered in 0.000919 seconds.
Begin MonoManager ReloadAssembly
Native extension for WindowsStandalone target not found
Refreshing native plugins compatible for Editor in 0.51 ms, found 1 plugins.
Preloading 0 native plugins for Editor in 0.00 ms.
Invoked RoslynAnalysisRunner static constructor.
RoslynAnalysisRunner will not be running.
RoslynAnalysisRunner has terminated.
Mono: successfully reloaded assembly
- Completed reload, in  1.049 seconds
Platform modules already initialized, skipping
Refreshing native plugins compatible for Editor in 0.51 ms, found 1 plugins.
Preloading 0 native plugins for Editor in 0.00 ms.
Unloading 1845 Unused Serialized files (Serialized files now loaded: 0)
System memory in use before: 98.5 MB.
System memory in use after: 98.5 MB.

Unloading 12 unused Assets to reduce memory usage. Loaded Objects now: 2375.
Total: 2.814100 ms (FindLiveObjects: 0.328300 ms CreateObjectMapping: 0.088200 ms MarkObjects: 2.233100 ms  DeleteObjects: 0.163200 ms)

========================================================================
Received Import Request.
  Time since last request: 45.420600 seconds.
  path: Assets/Scripts/Bird.cs
  artifactKey: Guid(74376a69cb5f83744b640149e68c7777) Importer(815301076,1909f56bfc062723c751e8b465ee728b)
Start importing Assets/Scripts/Bird.cs using Guid(74376a69cb5f83744b640149e68c7777) Importer(815301076,1909f56bfc062723c751e8b465ee728b)  -> (artifact id: '1585b0dfdc9cdf0f4c2ec5ef158784eb') in 0.005608 seconds
  Import took 0.009119 seconds .

========================================================================
Received Prepare
Registering precompiled user dll's ...
Registered in 0.001269 seconds.
Begin MonoManager ReloadAssembly
Native extension for WindowsStandalone target not found
Refreshing native plugins compatible for Editor in 1.01 ms, found 1 plugins.
Preloading 0 native plugins for Editor in 0.00 ms.
Invoked RoslynAnalysisRunner static constructor.
RoslynAnalysisRunner will not be running.
RoslynAnalysisRunner has terminated.
Mono: successfully reloaded assembly
- Completed reload, in  1.253 seconds
Platform modules already initialized, skipping
Refreshing native plugins compatible for Editor in 0.55 ms, found 1 plugins.
Preloading 0 native plugins for Editor in 0.00 ms.
Unloading 1845 Unused Serialized files (Serialized files now loaded: 0)
System memory in use before: 98.5 MB.
System memory in use after: 98.5 MB.

Unloading 12 unused Assets to reduce memory usage. Loaded Objects now: 2379.
Total: 3.047100 ms (FindLiveObjects: 0.297200 ms CreateObjectMapping: 0.106900 ms MarkObjects: 2.508900 ms  DeleteObjects: 0.132200 ms)

========================================================================
Received Prepare
Registering precompiled user dll's ...
Registered in 0.001176 seconds.
Begin MonoManager ReloadAssembly
Native extension for WindowsStandalone target not found
Refreshing native plugins compatible for Editor in 0.50 ms, found 1 plugins.
Preloading 0 native plugins for Editor in 0.00 ms.
Invoked RoslynAnalysisRunner static constructor.
RoslynAnalysisRunner will not be running.
RoslynAnalysisRunner has terminated.
Mono: successfully reloaded assembly
- Completed reload, in  1.059 seconds
Platform modules already initialized, skipping
Refreshing native plugins compatible for Editor in 0.51 ms, found 1 plugins.
Preloading 0 native plugins for Editor in 0.00 ms.
Unloading 1845 Unused Serialized files (Serialized files now loaded: 0)
System memory in use before: 98.5 MB.
System memory in use after: 98.5 MB.

Unloading 12 unused Assets to reduce memory usage. Loaded Objects now: 2383.
Total: 2.802200 ms (FindLiveObjects: 0.449000 ms CreateObjectMapping: 0.153800 ms MarkObjects: 2.064200 ms  DeleteObjects: 0.134100 ms)

========================================================================
Received Prepare
Registering precompiled user dll's ...
Registered in 0.001058 seconds.
Begin MonoManager ReloadAssembly
Native extension for WindowsStandalone target not found
Refreshing native plugins compatible for Editor in 0.50 ms, found 1 plugins.
Preloading 0 native plugins for Editor in 0.00 ms.
Invoked RoslynAnalysisRunner static constructor.
RoslynAnalysisRunner will not be running.
RoslynAnalysisRunner has terminated.
Mono: successfully reloaded assembly
- Completed reload, in  1.056 seconds
Platform modules already initialized, skipping
Refreshing native plugins compatible for Editor in 0.49 ms, found 1 plugins.
Preloading 0 native plugins for Editor in 0.00 ms.
Unloading 1845 Unused Serialized files (Serialized files now loaded: 0)
System memory in use before: 98.6 MB.
System memory in use after: 98.5 MB.

Unloading 12 unused Assets to reduce memory usage. Loaded Objects now: 2387.
Total: 3.100200 ms (FindLiveObjects: 0.271200 ms CreateObjectMapping: 0.073300 ms MarkObjects: 2.630600 ms  DeleteObjects: 0.123600 ms)

========================================================================
Received Import Request.
  Time since last request: 333.449229 seconds.
  path: Assets/Scripts/Bird.cs
  artifactKey: Guid(74376a69cb5f83744b640149e68c7777) Importer(815301076,1909f56bfc062723c751e8b465ee728b)
Start importing Assets/Scripts/Bird.cs using Guid(74376a69cb5f83744b640149e68c7777) Importer(815301076,1909f56bfc062723c751e8b465ee728b)  -> (artifact id: '03c86040faf9451e91ce90ec159a8de4') in 0.005484 seconds
  Import took 0.009238 seconds .

========================================================================
Received Prepare
Registering precompiled user dll's ...
Registered in 0.001682 seconds.
Begin MonoManager ReloadAssembly
Native extension for WindowsStandalone target not found
Refreshing native plugins compatible for Editor in 0.50 ms, found 1 plugins.
Preloading 0 native plugins for Editor in 0.00 ms.
Invoked RoslynAnalysisRunner static constructor.
RoslynAnalysisRunner will not be running.
RoslynAnalysisRunner has terminated.
Mono: successfully reloaded assembly
- Completed reload, in  1.048 seconds
Platform modules already initialized, skipping
Refreshing native plugins compatible for Editor in 0.51 ms, found 1 plugins.
Preloading 0 native plugins for Editor in 0.00 ms.
Unloading 1845 Unused Serialized files (Serialized files now loaded: 0)
System memory in use before: 98.6 MB.
System memory in use after: 98.6 MB.

Unloading 12 unused Assets to reduce memory usage. Loaded Objects now: 2391.
Total: 2.489700 ms (FindLiveObjects: 0.233000 ms CreateObjectMapping: 0.080800 ms MarkObjects: 2.050400 ms  DeleteObjects: 0.123900 ms)

AssetImportWorkerClient::OnTransportError - code=2 error=End of file
